[2023-08-07 06:22:20,637] {taskinstance.py:1159} INFO - Dependencies all met for <TaskInstance: Boas_vindas.Printando scheduled__2023-08-06T00:00:00+00:00 [queued]>
[2023-08-07 06:22:20,641] {taskinstance.py:1159} INFO - Dependencies all met for <TaskInstance: Boas_vindas.Printando scheduled__2023-08-06T00:00:00+00:00 [queued]>
[2023-08-07 06:22:20,641] {taskinstance.py:1356} INFO - 
--------------------------------------------------------------------------------
[2023-08-07 06:22:20,641] {taskinstance.py:1357} INFO - Starting attempt 1 of 1
[2023-08-07 06:22:20,641] {taskinstance.py:1358} INFO - 
--------------------------------------------------------------------------------
[2023-08-07 06:22:20,654] {taskinstance.py:1377} INFO - Executing <Task(PythonOperator): Printando> on 2023-08-06 00:00:00+00:00
[2023-08-07 06:22:20,656] {standard_task_runner.py:52} INFO - Started process 2006 to run task
[2023-08-07 06:22:20,658] {standard_task_runner.py:79} INFO - Running: ['airflow', 'tasks', 'run', 'Boas_vindas', 'Printando', 'scheduled__2023-08-06T00:00:00+00:00', '--job-id', '17', '--raw', '--subdir', 'DAGS_FOLDER/atividade_aula_4.py', '--cfg-path', '/tmp/tmp0ug9lu6g', '--error-file', '/tmp/tmpwij15wmw']
[2023-08-07 06:22:20,658] {standard_task_runner.py:80} INFO - Job 17: Subtask Printando
[2023-08-07 06:22:20,686] {task_command.py:370} INFO - Running <TaskInstance: Boas_vindas.Printando scheduled__2023-08-06T00:00:00+00:00 [running]> on host Daniel.
[2023-08-07 06:22:20,722] {taskinstance.py:1569} INFO - Exporting the following env vars:
AIRFLOW_CTX_DAG_OWNER=airflow
AIRFLOW_CTX_DAG_ID=Boas_vindas
AIRFLOW_CTX_TASK_ID=Printando
AIRFLOW_CTX_EXECUTION_DATE=2023-08-06T00:00:00+00:00
AIRFLOW_CTX_TRY_NUMBER=1
AIRFLOW_CTX_DAG_RUN_ID=scheduled__2023-08-06T00:00:00+00:00
[2023-08-07 06:22:20,722] {logging_mixin.py:115} INFO - Boas-vindas ao Airflow!
[2023-08-07 06:22:20,722] {python.py:173} INFO - Done. Returned value was: None
[2023-08-07 06:22:20,726] {taskinstance.py:1395} INFO - Marking task as SUCCESS. dag_id=Boas_vindas, task_id=Printando, execution_date=20230806T000000, start_date=20230807T092220, end_date=20230807T092220
[2023-08-07 06:22:20,750] {local_task_job.py:156} INFO - Task exited with return code 0
[2023-08-07 06:22:20,760] {local_task_job.py:273} INFO - 0 downstream tasks scheduled from follow-on schedule check
