[2023-08-07 07:25:19,393] {taskinstance.py:1159} INFO - Dependencies all met for <TaskInstance: dados_climaticos.cria_pasta scheduled__2023-07-31T00:00:00+00:00 [queued]>
[2023-08-07 07:25:19,398] {taskinstance.py:1159} INFO - Dependencies all met for <TaskInstance: dados_climaticos.cria_pasta scheduled__2023-07-31T00:00:00+00:00 [queued]>
[2023-08-07 07:25:19,398] {taskinstance.py:1356} INFO - 
--------------------------------------------------------------------------------
[2023-08-07 07:25:19,398] {taskinstance.py:1357} INFO - Starting attempt 1 of 1
[2023-08-07 07:25:19,398] {taskinstance.py:1358} INFO - 
--------------------------------------------------------------------------------
[2023-08-07 07:25:19,410] {taskinstance.py:1377} INFO - Executing <Task(BashOperator): cria_pasta> on 2023-07-31 00:00:00+00:00
[2023-08-07 07:25:19,413] {standard_task_runner.py:52} INFO - Started process 7105 to run task
[2023-08-07 07:25:19,415] {standard_task_runner.py:79} INFO - Running: ['airflow', 'tasks', 'run', 'dados_climaticos', 'cria_pasta', 'scheduled__2023-07-31T00:00:00+00:00', '--job-id', '21', '--raw', '--subdir', 'DAGS_FOLDER/dados_climaticos.py', '--cfg-path', '/tmp/tmp3awmcceu', '--error-file', '/tmp/tmptmzsklya']
[2023-08-07 07:25:19,416] {standard_task_runner.py:80} INFO - Job 21: Subtask cria_pasta
[2023-08-07 07:25:19,445] {task_command.py:370} INFO - Running <TaskInstance: dados_climaticos.cria_pasta scheduled__2023-07-31T00:00:00+00:00 [running]> on host Daniel.
[2023-08-07 07:25:19,487] {taskinstance.py:1569} INFO - Exporting the following env vars:
AIRFLOW_CTX_DAG_OWNER=airflow
AIRFLOW_CTX_DAG_ID=dados_climaticos
AIRFLOW_CTX_TASK_ID=cria_pasta
AIRFLOW_CTX_EXECUTION_DATE=2023-07-31T00:00:00+00:00
AIRFLOW_CTX_TRY_NUMBER=1
AIRFLOW_CTX_DAG_RUN_ID=scheduled__2023-07-31T00:00:00+00:00
[2023-08-07 07:25:19,489] {subprocess.py:62} INFO - Tmp dir root location: 
 /tmp
[2023-08-07 07:25:19,490] {subprocess.py:74} INFO - Running command: ['bash', '-c', 'mkdir -p "/home/millenagena/Documents/airflowalura/semana=2023-08-07"']
[2023-08-07 07:25:19,496] {subprocess.py:85} INFO - Output:
[2023-08-07 07:25:19,497] {subprocess.py:92} INFO - mkdir: cannot create directory ‘/home/millenagena’: Permission denied
[2023-08-07 07:25:19,497] {subprocess.py:96} INFO - Command exited with return code 1
[2023-08-07 07:25:19,502] {taskinstance.py:1889} ERROR - Task failed with exception
Traceback (most recent call last):
  File "/home/daniel/Documents/airflow_dados_tempo/venv/lib/python3.9/site-packages/airflow/operators/bash.py", line 194, in execute
    raise AirflowException(
airflow.exceptions.AirflowException: Bash command failed. The command returned a non-zero exit code 1.
[2023-08-07 07:25:19,504] {taskinstance.py:1395} INFO - Marking task as FAILED. dag_id=dados_climaticos, task_id=cria_pasta, execution_date=20230731T000000, start_date=20230807T102519, end_date=20230807T102519
[2023-08-07 07:25:19,514] {standard_task_runner.py:92} ERROR - Failed to execute job 21 for task cria_pasta (Bash command failed. The command returned a non-zero exit code 1.; 7105)
[2023-08-07 07:25:19,548] {local_task_job.py:156} INFO - Task exited with return code 1
[2023-08-07 07:25:19,571] {local_task_job.py:273} INFO - 0 downstream tasks scheduled from follow-on schedule check
[2023-08-07 07:27:25,684] {taskinstance.py:1159} INFO - Dependencies all met for <TaskInstance: dados_climaticos.cria_pasta scheduled__2023-07-31T00:00:00+00:00 [queued]>
[2023-08-07 07:27:25,688] {taskinstance.py:1159} INFO - Dependencies all met for <TaskInstance: dados_climaticos.cria_pasta scheduled__2023-07-31T00:00:00+00:00 [queued]>
[2023-08-07 07:27:25,689] {taskinstance.py:1356} INFO - 
--------------------------------------------------------------------------------
[2023-08-07 07:27:25,689] {taskinstance.py:1357} INFO - Starting attempt 1 of 1
[2023-08-07 07:27:25,689] {taskinstance.py:1358} INFO - 
--------------------------------------------------------------------------------
[2023-08-07 07:27:25,700] {taskinstance.py:1377} INFO - Executing <Task(BashOperator): cria_pasta> on 2023-07-31 00:00:00+00:00
[2023-08-07 07:27:25,702] {standard_task_runner.py:52} INFO - Started process 7297 to run task
[2023-08-07 07:27:25,705] {standard_task_runner.py:79} INFO - Running: ['airflow', 'tasks', 'run', 'dados_climaticos', 'cria_pasta', 'scheduled__2023-07-31T00:00:00+00:00', '--job-id', '21', '--raw', '--subdir', 'DAGS_FOLDER/dados_climaticos.py', '--cfg-path', '/tmp/tmpww_ef9fc', '--error-file', '/tmp/tmpyu4p775n']
[2023-08-07 07:27:25,705] {standard_task_runner.py:80} INFO - Job 21: Subtask cria_pasta
[2023-08-07 07:27:25,734] {task_command.py:370} INFO - Running <TaskInstance: dados_climaticos.cria_pasta scheduled__2023-07-31T00:00:00+00:00 [running]> on host Daniel.
[2023-08-07 07:27:25,774] {taskinstance.py:1569} INFO - Exporting the following env vars:
AIRFLOW_CTX_DAG_OWNER=airflow
AIRFLOW_CTX_DAG_ID=dados_climaticos
AIRFLOW_CTX_TASK_ID=cria_pasta
AIRFLOW_CTX_EXECUTION_DATE=2023-07-31T00:00:00+00:00
AIRFLOW_CTX_TRY_NUMBER=1
AIRFLOW_CTX_DAG_RUN_ID=scheduled__2023-07-31T00:00:00+00:00
[2023-08-07 07:27:25,775] {subprocess.py:62} INFO - Tmp dir root location: 
 /tmp
[2023-08-07 07:27:25,775] {subprocess.py:74} INFO - Running command: ['bash', '-c', 'mkdir -p "//home/daniel/Documents/airflow_dados_tempo/semana=2023-08-07"']
[2023-08-07 07:27:25,780] {subprocess.py:85} INFO - Output:
[2023-08-07 07:27:25,781] {subprocess.py:96} INFO - Command exited with return code 0
[2023-08-07 07:27:25,797] {taskinstance.py:1395} INFO - Marking task as SUCCESS. dag_id=dados_climaticos, task_id=cria_pasta, execution_date=20230731T000000, start_date=20230807T102725, end_date=20230807T102725
[2023-08-07 07:27:25,838] {local_task_job.py:156} INFO - Task exited with return code 0
[2023-08-07 07:27:25,879] {local_task_job.py:273} INFO - 1 downstream tasks scheduled from follow-on schedule check
[2023-08-07 07:31:17,575] {taskinstance.py:1159} INFO - Dependencies all met for <TaskInstance: dados_climaticos.cria_pasta scheduled__2023-07-31T00:00:00+00:00 [queued]>
[2023-08-07 07:31:17,581] {taskinstance.py:1159} INFO - Dependencies all met for <TaskInstance: dados_climaticos.cria_pasta scheduled__2023-07-31T00:00:00+00:00 [queued]>
[2023-08-07 07:31:17,581] {taskinstance.py:1356} INFO - 
--------------------------------------------------------------------------------
[2023-08-07 07:31:17,581] {taskinstance.py:1357} INFO - Starting attempt 1 of 1
[2023-08-07 07:31:17,581] {taskinstance.py:1358} INFO - 
--------------------------------------------------------------------------------
[2023-08-07 07:31:17,593] {taskinstance.py:1377} INFO - Executing <Task(BashOperator): cria_pasta> on 2023-07-31 00:00:00+00:00
[2023-08-07 07:31:17,595] {standard_task_runner.py:52} INFO - Started process 7724 to run task
[2023-08-07 07:31:17,597] {standard_task_runner.py:79} INFO - Running: ['airflow', 'tasks', 'run', 'dados_climaticos', 'cria_pasta', 'scheduled__2023-07-31T00:00:00+00:00', '--job-id', '21', '--raw', '--subdir', 'DAGS_FOLDER/dados_climaticos.py', '--cfg-path', '/tmp/tmpdl3bon64', '--error-file', '/tmp/tmpvi1qrjns']
[2023-08-07 07:31:17,598] {standard_task_runner.py:80} INFO - Job 21: Subtask cria_pasta
[2023-08-07 07:31:17,627] {task_command.py:370} INFO - Running <TaskInstance: dados_climaticos.cria_pasta scheduled__2023-07-31T00:00:00+00:00 [running]> on host Daniel.
[2023-08-07 07:31:17,667] {taskinstance.py:1569} INFO - Exporting the following env vars:
AIRFLOW_CTX_DAG_OWNER=airflow
AIRFLOW_CTX_DAG_ID=dados_climaticos
AIRFLOW_CTX_TASK_ID=cria_pasta
AIRFLOW_CTX_EXECUTION_DATE=2023-07-31T00:00:00+00:00
AIRFLOW_CTX_TRY_NUMBER=1
AIRFLOW_CTX_DAG_RUN_ID=scheduled__2023-07-31T00:00:00+00:00
[2023-08-07 07:31:17,668] {subprocess.py:62} INFO - Tmp dir root location: 
 /tmp
[2023-08-07 07:31:17,668] {subprocess.py:74} INFO - Running command: ['bash', '-c', 'mkdir -p "//home/daniel/Documents/airflow_dados_tempo/semana=2023-08-07"']
[2023-08-07 07:31:17,672] {subprocess.py:85} INFO - Output:
[2023-08-07 07:31:17,673] {subprocess.py:96} INFO - Command exited with return code 0
[2023-08-07 07:31:17,689] {taskinstance.py:1395} INFO - Marking task as SUCCESS. dag_id=dados_climaticos, task_id=cria_pasta, execution_date=20230731T000000, start_date=20230807T103117, end_date=20230807T103117
[2023-08-07 07:31:17,730] {local_task_job.py:156} INFO - Task exited with return code 0
[2023-08-07 07:31:17,749] {local_task_job.py:273} INFO - 1 downstream tasks scheduled from follow-on schedule check
[2023-08-07 07:32:49,572] {taskinstance.py:1159} INFO - Dependencies all met for <TaskInstance: dados_climaticos.cria_pasta scheduled__2023-07-31T00:00:00+00:00 [queued]>
[2023-08-07 07:32:49,576] {taskinstance.py:1159} INFO - Dependencies all met for <TaskInstance: dados_climaticos.cria_pasta scheduled__2023-07-31T00:00:00+00:00 [queued]>
[2023-08-07 07:32:49,576] {taskinstance.py:1356} INFO - 
--------------------------------------------------------------------------------
[2023-08-07 07:32:49,576] {taskinstance.py:1357} INFO - Starting attempt 1 of 1
[2023-08-07 07:32:49,576] {taskinstance.py:1358} INFO - 
--------------------------------------------------------------------------------
[2023-08-07 07:32:49,588] {taskinstance.py:1377} INFO - Executing <Task(BashOperator): cria_pasta> on 2023-07-31 00:00:00+00:00
[2023-08-07 07:32:49,590] {standard_task_runner.py:52} INFO - Started process 7892 to run task
[2023-08-07 07:32:49,592] {standard_task_runner.py:79} INFO - Running: ['airflow', 'tasks', 'run', 'dados_climaticos', 'cria_pasta', 'scheduled__2023-07-31T00:00:00+00:00', '--job-id', '21', '--raw', '--subdir', 'DAGS_FOLDER/dados_climaticos.py', '--cfg-path', '/tmp/tmpvkym5jh2', '--error-file', '/tmp/tmpgik98ccf']
[2023-08-07 07:32:49,593] {standard_task_runner.py:80} INFO - Job 21: Subtask cria_pasta
[2023-08-07 07:32:49,622] {task_command.py:370} INFO - Running <TaskInstance: dados_climaticos.cria_pasta scheduled__2023-07-31T00:00:00+00:00 [running]> on host Daniel.
[2023-08-07 07:32:49,661] {taskinstance.py:1569} INFO - Exporting the following env vars:
AIRFLOW_CTX_DAG_OWNER=airflow
AIRFLOW_CTX_DAG_ID=dados_climaticos
AIRFLOW_CTX_TASK_ID=cria_pasta
AIRFLOW_CTX_EXECUTION_DATE=2023-07-31T00:00:00+00:00
AIRFLOW_CTX_TRY_NUMBER=1
AIRFLOW_CTX_DAG_RUN_ID=scheduled__2023-07-31T00:00:00+00:00
[2023-08-07 07:32:49,661] {subprocess.py:62} INFO - Tmp dir root location: 
 /tmp
[2023-08-07 07:32:49,662] {subprocess.py:74} INFO - Running command: ['bash', '-c', 'mkdir -p "//home/daniel/Documents/airflow_dados_tempo/semana=2023-08-07"']
[2023-08-07 07:32:49,666] {subprocess.py:85} INFO - Output:
[2023-08-07 07:32:49,667] {subprocess.py:96} INFO - Command exited with return code 0
[2023-08-07 07:32:49,683] {taskinstance.py:1395} INFO - Marking task as SUCCESS. dag_id=dados_climaticos, task_id=cria_pasta, execution_date=20230731T000000, start_date=20230807T103249, end_date=20230807T103249
[2023-08-07 07:32:49,725] {local_task_job.py:156} INFO - Task exited with return code 0
[2023-08-07 07:32:49,760] {local_task_job.py:273} INFO - 1 downstream tasks scheduled from follow-on schedule check
[2023-08-07 07:34:00,280] {taskinstance.py:1159} INFO - Dependencies all met for <TaskInstance: dados_climaticos.cria_pasta scheduled__2023-07-31T00:00:00+00:00 [queued]>
[2023-08-07 07:34:00,285] {taskinstance.py:1159} INFO - Dependencies all met for <TaskInstance: dados_climaticos.cria_pasta scheduled__2023-07-31T00:00:00+00:00 [queued]>
[2023-08-07 07:34:00,285] {taskinstance.py:1356} INFO - 
--------------------------------------------------------------------------------
[2023-08-07 07:34:00,285] {taskinstance.py:1357} INFO - Starting attempt 1 of 1
[2023-08-07 07:34:00,285] {taskinstance.py:1358} INFO - 
--------------------------------------------------------------------------------
[2023-08-07 07:34:00,296] {taskinstance.py:1377} INFO - Executing <Task(BashOperator): cria_pasta> on 2023-07-31 00:00:00+00:00
[2023-08-07 07:34:00,299] {standard_task_runner.py:52} INFO - Started process 8021 to run task
[2023-08-07 07:34:00,301] {standard_task_runner.py:79} INFO - Running: ['airflow', 'tasks', 'run', 'dados_climaticos', 'cria_pasta', 'scheduled__2023-07-31T00:00:00+00:00', '--job-id', '21', '--raw', '--subdir', 'DAGS_FOLDER/dados_climaticos.py', '--cfg-path', '/tmp/tmpzlkzbko5', '--error-file', '/tmp/tmp7726n8yx']
[2023-08-07 07:34:00,301] {standard_task_runner.py:80} INFO - Job 21: Subtask cria_pasta
[2023-08-07 07:34:00,333] {task_command.py:370} INFO - Running <TaskInstance: dados_climaticos.cria_pasta scheduled__2023-07-31T00:00:00+00:00 [running]> on host Daniel.
[2023-08-07 07:34:00,373] {taskinstance.py:1569} INFO - Exporting the following env vars:
AIRFLOW_CTX_DAG_OWNER=airflow
AIRFLOW_CTX_DAG_ID=dados_climaticos
AIRFLOW_CTX_TASK_ID=cria_pasta
AIRFLOW_CTX_EXECUTION_DATE=2023-07-31T00:00:00+00:00
AIRFLOW_CTX_TRY_NUMBER=1
AIRFLOW_CTX_DAG_RUN_ID=scheduled__2023-07-31T00:00:00+00:00
[2023-08-07 07:34:00,374] {subprocess.py:62} INFO - Tmp dir root location: 
 /tmp
[2023-08-07 07:34:00,374] {subprocess.py:74} INFO - Running command: ['bash', '-c', 'mkdir -p "//home/daniel/Documents/airflow_dados_tempo/semana=2023-08-07"']
[2023-08-07 07:34:00,378] {subprocess.py:85} INFO - Output:
[2023-08-07 07:34:00,379] {subprocess.py:96} INFO - Command exited with return code 0
[2023-08-07 07:34:00,395] {taskinstance.py:1395} INFO - Marking task as SUCCESS. dag_id=dados_climaticos, task_id=cria_pasta, execution_date=20230731T000000, start_date=20230807T103400, end_date=20230807T103400
[2023-08-07 07:34:00,434] {local_task_job.py:156} INFO - Task exited with return code 0
[2023-08-07 07:34:00,453] {local_task_job.py:273} INFO - 1 downstream tasks scheduled from follow-on schedule check
[2023-08-07 07:37:22,380] {taskinstance.py:1159} INFO - Dependencies all met for <TaskInstance: dados_climaticos.cria_pasta scheduled__2023-07-31T00:00:00+00:00 [queued]>
[2023-08-07 07:37:22,385] {taskinstance.py:1159} INFO - Dependencies all met for <TaskInstance: dados_climaticos.cria_pasta scheduled__2023-07-31T00:00:00+00:00 [queued]>
[2023-08-07 07:37:22,385] {taskinstance.py:1356} INFO - 
--------------------------------------------------------------------------------
[2023-08-07 07:37:22,385] {taskinstance.py:1357} INFO - Starting attempt 1 of 1
[2023-08-07 07:37:22,385] {taskinstance.py:1358} INFO - 
--------------------------------------------------------------------------------
[2023-08-07 07:37:22,397] {taskinstance.py:1377} INFO - Executing <Task(BashOperator): cria_pasta> on 2023-07-31 00:00:00+00:00
[2023-08-07 07:37:22,399] {standard_task_runner.py:52} INFO - Started process 8332 to run task
[2023-08-07 07:37:22,401] {standard_task_runner.py:79} INFO - Running: ['airflow', 'tasks', 'run', 'dados_climaticos', 'cria_pasta', 'scheduled__2023-07-31T00:00:00+00:00', '--job-id', '21', '--raw', '--subdir', 'DAGS_FOLDER/dados_climaticos.py', '--cfg-path', '/tmp/tmpm9jdi_01', '--error-file', '/tmp/tmp1njdr3ys']
[2023-08-07 07:37:22,402] {standard_task_runner.py:80} INFO - Job 21: Subtask cria_pasta
[2023-08-07 07:37:22,431] {task_command.py:370} INFO - Running <TaskInstance: dados_climaticos.cria_pasta scheduled__2023-07-31T00:00:00+00:00 [running]> on host Daniel.
[2023-08-07 07:37:22,470] {taskinstance.py:1569} INFO - Exporting the following env vars:
AIRFLOW_CTX_DAG_OWNER=airflow
AIRFLOW_CTX_DAG_ID=dados_climaticos
AIRFLOW_CTX_TASK_ID=cria_pasta
AIRFLOW_CTX_EXECUTION_DATE=2023-07-31T00:00:00+00:00
AIRFLOW_CTX_TRY_NUMBER=1
AIRFLOW_CTX_DAG_RUN_ID=scheduled__2023-07-31T00:00:00+00:00
[2023-08-07 07:37:22,471] {subprocess.py:62} INFO - Tmp dir root location: 
 /tmp
[2023-08-07 07:37:22,471] {subprocess.py:74} INFO - Running command: ['bash', '-c', 'mkdir -p "//home/daniel/Documents/airflow_dados_tempo/semana=2023-08-07"']
[2023-08-07 07:37:22,475] {subprocess.py:85} INFO - Output:
[2023-08-07 07:37:22,476] {subprocess.py:96} INFO - Command exited with return code 0
[2023-08-07 07:37:22,492] {taskinstance.py:1395} INFO - Marking task as SUCCESS. dag_id=dados_climaticos, task_id=cria_pasta, execution_date=20230731T000000, start_date=20230807T103722, end_date=20230807T103722
[2023-08-07 07:37:22,534] {local_task_job.py:156} INFO - Task exited with return code 0
[2023-08-07 07:37:22,553] {local_task_job.py:273} INFO - 1 downstream tasks scheduled from follow-on schedule check
