[2023-08-04 19:00:27,815] {taskinstance.py:1159} INFO - Dependencies all met for <TaskInstance: example_branch_datetime_operator_2.datetime_branch scheduled__2023-08-03T00:00:00+00:00 [queued]>
[2023-08-04 19:00:27,822] {taskinstance.py:1159} INFO - Dependencies all met for <TaskInstance: example_branch_datetime_operator_2.datetime_branch scheduled__2023-08-03T00:00:00+00:00 [queued]>
[2023-08-04 19:00:27,822] {taskinstance.py:1356} INFO - 
--------------------------------------------------------------------------------
[2023-08-04 19:00:27,822] {taskinstance.py:1357} INFO - Starting attempt 1 of 1
[2023-08-04 19:00:27,822] {taskinstance.py:1358} INFO - 
--------------------------------------------------------------------------------
[2023-08-04 19:00:27,833] {taskinstance.py:1377} INFO - Executing <Task(BranchDateTimeOperator): datetime_branch> on 2023-08-03 00:00:00+00:00
[2023-08-04 19:00:27,834] {standard_task_runner.py:52} INFO - Started process 17731 to run task
[2023-08-04 19:00:27,837] {standard_task_runner.py:79} INFO - Running: ['airflow', 'tasks', 'run', 'example_branch_datetime_operator_2', 'datetime_branch', 'scheduled__2023-08-03T00:00:00+00:00', '--job-id', '3', '--raw', '--subdir', '/home/daniel/Documents/airflow_dados_tempo/venv/lib/python3.9/site-packages/airflow/example_dags/example_branch_datetime_operator.py', '--cfg-path', '/tmp/tmpx2xekygd', '--error-file', '/tmp/tmp8rgq29fv']
[2023-08-04 19:00:27,838] {standard_task_runner.py:80} INFO - Job 3: Subtask datetime_branch
[2023-08-04 19:00:27,867] {task_command.py:370} INFO - Running <TaskInstance: example_branch_datetime_operator_2.datetime_branch scheduled__2023-08-03T00:00:00+00:00 [running]> on host Daniel.
[2023-08-04 19:00:27,906] {taskinstance.py:1569} INFO - Exporting the following env vars:
AIRFLOW_CTX_DAG_OWNER=airflow
AIRFLOW_CTX_DAG_ID=example_branch_datetime_operator_2
AIRFLOW_CTX_TASK_ID=datetime_branch
AIRFLOW_CTX_EXECUTION_DATE=2023-08-03T00:00:00+00:00
AIRFLOW_CTX_TRY_NUMBER=1
AIRFLOW_CTX_DAG_RUN_ID=scheduled__2023-08-03T00:00:00+00:00
[2023-08-04 19:00:27,907] {skipmixin.py:140} INFO - Following branch ['date_in_range']
[2023-08-04 19:00:27,907] {skipmixin.py:175} INFO - Skipping tasks ['date_outside_range']
[2023-08-04 19:00:27,938] {taskinstance.py:1395} INFO - Marking task as SUCCESS. dag_id=example_branch_datetime_operator_2, task_id=datetime_branch, execution_date=20230803T000000, start_date=20230804T220027, end_date=20230804T220027
[2023-08-04 19:00:27,970] {local_task_job.py:156} INFO - Task exited with return code 0
[2023-08-04 19:00:27,990] {local_task_job.py:273} INFO - 1 downstream tasks scheduled from follow-on schedule check
