[2023-08-04 20:05:44,478] {taskinstance.py:1159} INFO - Dependencies all met for <TaskInstance: Cria_pasta.Cria_pasta scheduled__2023-08-03T00:00:00+00:00 [queued]>
[2023-08-04 20:05:44,482] {taskinstance.py:1159} INFO - Dependencies all met for <TaskInstance: Cria_pasta.Cria_pasta scheduled__2023-08-03T00:00:00+00:00 [queued]>
[2023-08-04 20:05:44,482] {taskinstance.py:1356} INFO - 
--------------------------------------------------------------------------------
[2023-08-04 20:05:44,482] {taskinstance.py:1357} INFO - Starting attempt 1 of 1
[2023-08-04 20:05:44,482] {taskinstance.py:1358} INFO - 
--------------------------------------------------------------------------------
[2023-08-04 20:05:44,495] {taskinstance.py:1377} INFO - Executing <Task(BashOperator): Cria_pasta> on 2023-08-03 00:00:00+00:00
[2023-08-04 20:05:44,497] {standard_task_runner.py:52} INFO - Started process 29765 to run task
[2023-08-04 20:05:44,499] {standard_task_runner.py:79} INFO - Running: ['airflow', 'tasks', 'run', 'Cria_pasta', 'Cria_pasta', 'scheduled__2023-08-03T00:00:00+00:00', '--job-id', '13', '--raw', '--subdir', 'DAGS_FOLDER/Cria_pasta.py', '--cfg-path', '/tmp/tmpp6mr8dn8', '--error-file', '/tmp/tmp4l3pj_et']
[2023-08-04 20:05:44,500] {standard_task_runner.py:80} INFO - Job 13: Subtask Cria_pasta
[2023-08-04 20:05:44,530] {task_command.py:370} INFO - Running <TaskInstance: Cria_pasta.Cria_pasta scheduled__2023-08-03T00:00:00+00:00 [running]> on host Daniel.
[2023-08-04 20:05:44,571] {taskinstance.py:1569} INFO - Exporting the following env vars:
AIRFLOW_CTX_DAG_OWNER=airflow
AIRFLOW_CTX_DAG_ID=Cria_pasta
AIRFLOW_CTX_TASK_ID=Cria_pasta
AIRFLOW_CTX_EXECUTION_DATE=2023-08-03T00:00:00+00:00
AIRFLOW_CTX_TRY_NUMBER=1
AIRFLOW_CTX_DAG_RUN_ID=scheduled__2023-08-03T00:00:00+00:00
[2023-08-04 20:05:44,572] {subprocess.py:62} INFO - Tmp dir root location: 
 /tmp
[2023-08-04 20:05:44,572] {subprocess.py:74} INFO - Running command: ['bash', '-c', 'mkdir -p "/home/daniel/Documents/airflow_dados_tempo/pasta"']
[2023-08-04 20:05:44,576] {subprocess.py:85} INFO - Output:
[2023-08-04 20:05:44,577] {subprocess.py:96} INFO - Command exited with return code 0
[2023-08-04 20:05:44,594] {taskinstance.py:1395} INFO - Marking task as SUCCESS. dag_id=Cria_pasta, task_id=Cria_pasta, execution_date=20230803T000000, start_date=20230804T230544, end_date=20230804T230544
[2023-08-04 20:05:44,631] {local_task_job.py:156} INFO - Task exited with return code 0
[2023-08-04 20:05:44,641] {local_task_job.py:273} INFO - 0 downstream tasks scheduled from follow-on schedule check
