[2023-08-07 06:10:58,008] {taskinstance.py:1159} INFO - Dependencies all met for <TaskInstance: Cria_pasta.Cria_pasta scheduled__2023-08-06T00:00:00+00:00 [queued]>
[2023-08-07 06:10:58,013] {taskinstance.py:1159} INFO - Dependencies all met for <TaskInstance: Cria_pasta.Cria_pasta scheduled__2023-08-06T00:00:00+00:00 [queued]>
[2023-08-07 06:10:58,013] {taskinstance.py:1356} INFO - 
--------------------------------------------------------------------------------
[2023-08-07 06:10:58,013] {taskinstance.py:1357} INFO - Starting attempt 1 of 1
[2023-08-07 06:10:58,013] {taskinstance.py:1358} INFO - 
--------------------------------------------------------------------------------
[2023-08-07 06:10:58,024] {taskinstance.py:1377} INFO - Executing <Task(BashOperator): Cria_pasta> on 2023-08-06 00:00:00+00:00
[2023-08-07 06:10:58,025] {standard_task_runner.py:52} INFO - Started process 768 to run task
[2023-08-07 06:10:58,027] {standard_task_runner.py:79} INFO - Running: ['airflow', 'tasks', 'run', 'Cria_pasta', 'Cria_pasta', 'scheduled__2023-08-06T00:00:00+00:00', '--job-id', '16', '--raw', '--subdir', 'DAGS_FOLDER/Cria_pasta.py', '--cfg-path', '/tmp/tmpewb4y9r_', '--error-file', '/tmp/tmpmr85ba7n']
[2023-08-07 06:10:58,028] {standard_task_runner.py:80} INFO - Job 16: Subtask Cria_pasta
[2023-08-07 06:10:58,056] {task_command.py:370} INFO - Running <TaskInstance: Cria_pasta.Cria_pasta scheduled__2023-08-06T00:00:00+00:00 [running]> on host Daniel.
[2023-08-07 06:10:58,093] {taskinstance.py:1569} INFO - Exporting the following env vars:
AIRFLOW_CTX_DAG_OWNER=airflow
AIRFLOW_CTX_DAG_ID=Cria_pasta
AIRFLOW_CTX_TASK_ID=Cria_pasta
AIRFLOW_CTX_EXECUTION_DATE=2023-08-06T00:00:00+00:00
AIRFLOW_CTX_TRY_NUMBER=1
AIRFLOW_CTX_DAG_RUN_ID=scheduled__2023-08-06T00:00:00+00:00
[2023-08-07 06:10:58,094] {subprocess.py:62} INFO - Tmp dir root location: 
 /tmp
[2023-08-07 06:10:58,094] {subprocess.py:74} INFO - Running command: ['bash', '-c', 'mkdir -p "/home/daniel/Documents/airflow_dados_tempo/pasta"']
[2023-08-07 06:10:58,097] {subprocess.py:85} INFO - Output:
[2023-08-07 06:10:58,098] {subprocess.py:96} INFO - Command exited with return code 0
[2023-08-07 06:10:58,114] {taskinstance.py:1395} INFO - Marking task as SUCCESS. dag_id=Cria_pasta, task_id=Cria_pasta, execution_date=20230806T000000, start_date=20230807T091058, end_date=20230807T091058
[2023-08-07 06:10:58,160] {local_task_job.py:156} INFO - Task exited with return code 0
[2023-08-07 06:10:58,191] {local_task_job.py:273} INFO - 0 downstream tasks scheduled from follow-on schedule check
[2023-08-07 06:30:50,241] {taskinstance.py:1159} INFO - Dependencies all met for <TaskInstance: Cria_pasta.Cria_pasta scheduled__2023-08-06T00:00:00+00:00 [queued]>
[2023-08-07 06:30:50,245] {taskinstance.py:1159} INFO - Dependencies all met for <TaskInstance: Cria_pasta.Cria_pasta scheduled__2023-08-06T00:00:00+00:00 [queued]>
[2023-08-07 06:30:50,245] {taskinstance.py:1356} INFO - 
--------------------------------------------------------------------------------
[2023-08-07 06:30:50,246] {taskinstance.py:1357} INFO - Starting attempt 1 of 1
[2023-08-07 06:30:50,246] {taskinstance.py:1358} INFO - 
--------------------------------------------------------------------------------
[2023-08-07 06:30:50,257] {taskinstance.py:1377} INFO - Executing <Task(BashOperator): Cria_pasta> on 2023-08-06 00:00:00+00:00
[2023-08-07 06:30:50,259] {standard_task_runner.py:52} INFO - Started process 2652 to run task
[2023-08-07 06:30:50,261] {standard_task_runner.py:79} INFO - Running: ['airflow', 'tasks', 'run', 'Cria_pasta', 'Cria_pasta', 'scheduled__2023-08-06T00:00:00+00:00', '--job-id', '18', '--raw', '--subdir', 'DAGS_FOLDER/Cria_pasta.py', '--cfg-path', '/tmp/tmplai77q7f', '--error-file', '/tmp/tmphowjqd7_']
[2023-08-07 06:30:50,261] {standard_task_runner.py:80} INFO - Job 18: Subtask Cria_pasta
[2023-08-07 06:30:50,289] {task_command.py:370} INFO - Running <TaskInstance: Cria_pasta.Cria_pasta scheduled__2023-08-06T00:00:00+00:00 [running]> on host Daniel.
[2023-08-07 06:30:50,326] {taskinstance.py:1569} INFO - Exporting the following env vars:
AIRFLOW_CTX_DAG_OWNER=airflow
AIRFLOW_CTX_DAG_ID=Cria_pasta
AIRFLOW_CTX_TASK_ID=Cria_pasta
AIRFLOW_CTX_EXECUTION_DATE=2023-08-06T00:00:00+00:00
AIRFLOW_CTX_TRY_NUMBER=1
AIRFLOW_CTX_DAG_RUN_ID=scheduled__2023-08-06T00:00:00+00:00
[2023-08-07 06:30:50,327] {subprocess.py:62} INFO - Tmp dir root location: 
 /tmp
[2023-08-07 06:30:50,327] {subprocess.py:74} INFO - Running command: ['bash', '-c', 'mkdir -p "/home/daniel/Documents/airflow_dados_tempo/pasta"']
[2023-08-07 06:30:50,330] {subprocess.py:85} INFO - Output:
[2023-08-07 06:30:50,331] {subprocess.py:96} INFO - Command exited with return code 0
[2023-08-07 06:30:50,347] {taskinstance.py:1395} INFO - Marking task as SUCCESS. dag_id=Cria_pasta, task_id=Cria_pasta, execution_date=20230806T000000, start_date=20230807T093050, end_date=20230807T093050
[2023-08-07 06:30:50,393] {local_task_job.py:156} INFO - Task exited with return code 0
[2023-08-07 06:30:50,403] {local_task_job.py:273} INFO - 0 downstream tasks scheduled from follow-on schedule check
[2023-08-07 06:31:44,910] {taskinstance.py:1159} INFO - Dependencies all met for <TaskInstance: Cria_pasta.Cria_pasta scheduled__2023-08-06T00:00:00+00:00 [queued]>
[2023-08-07 06:31:44,915] {taskinstance.py:1159} INFO - Dependencies all met for <TaskInstance: Cria_pasta.Cria_pasta scheduled__2023-08-06T00:00:00+00:00 [queued]>
[2023-08-07 06:31:44,916] {taskinstance.py:1356} INFO - 
--------------------------------------------------------------------------------
[2023-08-07 06:31:44,916] {taskinstance.py:1357} INFO - Starting attempt 1 of 1
[2023-08-07 06:31:44,916] {taskinstance.py:1358} INFO - 
--------------------------------------------------------------------------------
[2023-08-07 06:31:44,928] {taskinstance.py:1377} INFO - Executing <Task(BashOperator): Cria_pasta> on 2023-08-06 00:00:00+00:00
[2023-08-07 06:31:44,930] {standard_task_runner.py:52} INFO - Started process 2725 to run task
[2023-08-07 06:31:44,932] {standard_task_runner.py:79} INFO - Running: ['airflow', 'tasks', 'run', 'Cria_pasta', 'Cria_pasta', 'scheduled__2023-08-06T00:00:00+00:00', '--job-id', '18', '--raw', '--subdir', 'DAGS_FOLDER/Cria_pasta.py', '--cfg-path', '/tmp/tmp6t11j9cv', '--error-file', '/tmp/tmpjqpwranp']
[2023-08-07 06:31:44,932] {standard_task_runner.py:80} INFO - Job 18: Subtask Cria_pasta
[2023-08-07 06:31:44,963] {task_command.py:370} INFO - Running <TaskInstance: Cria_pasta.Cria_pasta scheduled__2023-08-06T00:00:00+00:00 [running]> on host Daniel.
[2023-08-07 06:31:45,001] {taskinstance.py:1569} INFO - Exporting the following env vars:
AIRFLOW_CTX_DAG_OWNER=airflow
AIRFLOW_CTX_DAG_ID=Cria_pasta
AIRFLOW_CTX_TASK_ID=Cria_pasta
AIRFLOW_CTX_EXECUTION_DATE=2023-08-06T00:00:00+00:00
AIRFLOW_CTX_TRY_NUMBER=1
AIRFLOW_CTX_DAG_RUN_ID=scheduled__2023-08-06T00:00:00+00:00
[2023-08-07 06:31:45,002] {subprocess.py:62} INFO - Tmp dir root location: 
 /tmp
[2023-08-07 06:31:45,002] {subprocess.py:74} INFO - Running command: ['bash', '-c', 'mkdir -p "/home/daniel/Documents/airflow_dados_tempo/pasta=2023-08-07T00:00:00+00:00"']
[2023-08-07 06:31:45,005] {subprocess.py:85} INFO - Output:
[2023-08-07 06:31:45,007] {subprocess.py:96} INFO - Command exited with return code 0
[2023-08-07 06:31:45,023] {taskinstance.py:1395} INFO - Marking task as SUCCESS. dag_id=Cria_pasta, task_id=Cria_pasta, execution_date=20230806T000000, start_date=20230807T093144, end_date=20230807T093145
[2023-08-07 06:31:45,064] {local_task_job.py:156} INFO - Task exited with return code 0
[2023-08-07 06:31:45,075] {local_task_job.py:273} INFO - 0 downstream tasks scheduled from follow-on schedule check
[2023-08-07 06:32:11,821] {taskinstance.py:1159} INFO - Dependencies all met for <TaskInstance: Cria_pasta.Cria_pasta scheduled__2023-08-06T00:00:00+00:00 [queued]>
[2023-08-07 06:32:11,827] {taskinstance.py:1159} INFO - Dependencies all met for <TaskInstance: Cria_pasta.Cria_pasta scheduled__2023-08-06T00:00:00+00:00 [queued]>
[2023-08-07 06:32:11,827] {taskinstance.py:1356} INFO - 
--------------------------------------------------------------------------------
[2023-08-07 06:32:11,827] {taskinstance.py:1357} INFO - Starting attempt 1 of 1
[2023-08-07 06:32:11,827] {taskinstance.py:1358} INFO - 
--------------------------------------------------------------------------------
[2023-08-07 06:32:11,839] {taskinstance.py:1377} INFO - Executing <Task(BashOperator): Cria_pasta> on 2023-08-06 00:00:00+00:00
[2023-08-07 06:32:11,841] {standard_task_runner.py:52} INFO - Started process 2768 to run task
[2023-08-07 06:32:11,843] {standard_task_runner.py:79} INFO - Running: ['airflow', 'tasks', 'run', 'Cria_pasta', 'Cria_pasta', 'scheduled__2023-08-06T00:00:00+00:00', '--job-id', '19', '--raw', '--subdir', 'DAGS_FOLDER/Cria_pasta.py', '--cfg-path', '/tmp/tmp2j56s86o', '--error-file', '/tmp/tmp3glmwwer']
[2023-08-07 06:32:11,843] {standard_task_runner.py:80} INFO - Job 19: Subtask Cria_pasta
[2023-08-07 06:32:11,874] {task_command.py:370} INFO - Running <TaskInstance: Cria_pasta.Cria_pasta scheduled__2023-08-06T00:00:00+00:00 [running]> on host Daniel.
[2023-08-07 06:32:11,913] {taskinstance.py:1569} INFO - Exporting the following env vars:
AIRFLOW_CTX_DAG_OWNER=airflow
AIRFLOW_CTX_DAG_ID=Cria_pasta
AIRFLOW_CTX_TASK_ID=Cria_pasta
AIRFLOW_CTX_EXECUTION_DATE=2023-08-06T00:00:00+00:00
AIRFLOW_CTX_TRY_NUMBER=1
AIRFLOW_CTX_DAG_RUN_ID=scheduled__2023-08-06T00:00:00+00:00
[2023-08-07 06:32:11,913] {subprocess.py:62} INFO - Tmp dir root location: 
 /tmp
[2023-08-07 06:32:11,914] {subprocess.py:74} INFO - Running command: ['bash', '-c', 'mkdir -p "/home/daniel/Documents/airflow_dados_tempo/pasta=2023-08-07T00:00:00+00:00"']
[2023-08-07 06:32:11,917] {subprocess.py:85} INFO - Output:
[2023-08-07 06:32:11,918] {subprocess.py:96} INFO - Command exited with return code 0
[2023-08-07 06:32:11,934] {taskinstance.py:1395} INFO - Marking task as SUCCESS. dag_id=Cria_pasta, task_id=Cria_pasta, execution_date=20230806T000000, start_date=20230807T093211, end_date=20230807T093211
[2023-08-07 06:32:11,975] {local_task_job.py:156} INFO - Task exited with return code 0
[2023-08-07 06:32:11,984] {local_task_job.py:273} INFO - 0 downstream tasks scheduled from follow-on schedule check
