[2023-08-04 20:04:44,943] {processor.py:153} INFO - Started process (PID=29615) to work on /home/daniel/Documents/airflow_dados_tempo/dags/Cria_pasta.py
[2023-08-04 20:04:44,944] {processor.py:641} INFO - Processing file /home/daniel/Documents/airflow_dados_tempo/dags/Cria_pasta.py for tasks to queue
[2023-08-04 20:04:44,944] {logging_mixin.py:115} INFO - [2023-08-04 20:04:44,944] {dagbag.py:507} INFO - Filling up the DagBag from /home/daniel/Documents/airflow_dados_tempo/dags/Cria_pasta.py
[2023-08-04 20:04:44,950] {processor.py:651} INFO - DAG(s) dict_keys(['Cria_pasta']) retrieved from /home/daniel/Documents/airflow_dados_tempo/dags/Cria_pasta.py
[2023-08-04 20:04:45,013] {logging_mixin.py:115} INFO - [2023-08-04 20:04:45,013] {manager.py:508} INFO - Created Permission View: can read on DAG:Cria_pasta
[2023-08-04 20:04:45,024] {logging_mixin.py:115} INFO - [2023-08-04 20:04:45,024] {manager.py:508} INFO - Created Permission View: can edit on DAG:Cria_pasta
[2023-08-04 20:04:45,034] {logging_mixin.py:115} INFO - [2023-08-04 20:04:45,034] {manager.py:508} INFO - Created Permission View: can delete on DAG:Cria_pasta
[2023-08-04 20:04:45,034] {logging_mixin.py:115} INFO - [2023-08-04 20:04:45,034] {dag.py:2379} INFO - Sync 1 DAGs
[2023-08-04 20:04:45,040] {logging_mixin.py:115} INFO - [2023-08-04 20:04:45,040] {dag.py:2398} INFO - Creating ORM DAG for Cria_pasta
[2023-08-04 20:04:45,048] {logging_mixin.py:115} INFO - [2023-08-04 20:04:45,048] {dag.py:2927} INFO - Setting next_dagrun for Cria_pasta to 2023-08-03T00:00:00+00:00, run_after=2023-08-04T00:00:00+00:00
[2023-08-04 20:04:45,061] {processor.py:161} INFO - Processing /home/daniel/Documents/airflow_dados_tempo/dags/Cria_pasta.py took 0.121 seconds
[2023-08-04 20:05:16,059] {processor.py:153} INFO - Started process (PID=29665) to work on /home/daniel/Documents/airflow_dados_tempo/dags/Cria_pasta.py
[2023-08-04 20:05:16,060] {processor.py:641} INFO - Processing file /home/daniel/Documents/airflow_dados_tempo/dags/Cria_pasta.py for tasks to queue
[2023-08-04 20:05:16,060] {logging_mixin.py:115} INFO - [2023-08-04 20:05:16,060] {dagbag.py:507} INFO - Filling up the DagBag from /home/daniel/Documents/airflow_dados_tempo/dags/Cria_pasta.py
[2023-08-04 20:05:16,066] {processor.py:651} INFO - DAG(s) dict_keys(['Cria_pasta']) retrieved from /home/daniel/Documents/airflow_dados_tempo/dags/Cria_pasta.py
[2023-08-04 20:05:16,079] {logging_mixin.py:115} INFO - [2023-08-04 20:05:16,079] {dag.py:2379} INFO - Sync 1 DAGs
[2023-08-04 20:05:16,095] {logging_mixin.py:115} INFO - [2023-08-04 20:05:16,095] {dag.py:2927} INFO - Setting next_dagrun for Cria_pasta to 2023-08-03T00:00:00+00:00, run_after=2023-08-04T00:00:00+00:00
[2023-08-04 20:05:16,110] {processor.py:161} INFO - Processing /home/daniel/Documents/airflow_dados_tempo/dags/Cria_pasta.py took 0.054 seconds
[2023-08-04 20:05:47,725] {processor.py:153} INFO - Started process (PID=29770) to work on /home/daniel/Documents/airflow_dados_tempo/dags/Cria_pasta.py
[2023-08-04 20:05:47,730] {processor.py:641} INFO - Processing file /home/daniel/Documents/airflow_dados_tempo/dags/Cria_pasta.py for tasks to queue
[2023-08-04 20:05:47,731] {logging_mixin.py:115} INFO - [2023-08-04 20:05:47,731] {dagbag.py:507} INFO - Filling up the DagBag from /home/daniel/Documents/airflow_dados_tempo/dags/Cria_pasta.py
[2023-08-04 20:05:47,737] {processor.py:651} INFO - DAG(s) dict_keys(['Cria_pasta']) retrieved from /home/daniel/Documents/airflow_dados_tempo/dags/Cria_pasta.py
[2023-08-04 20:05:47,750] {logging_mixin.py:115} INFO - [2023-08-04 20:05:47,750] {dag.py:2379} INFO - Sync 1 DAGs
[2023-08-04 20:05:47,768] {logging_mixin.py:115} INFO - [2023-08-04 20:05:47,768] {dag.py:2927} INFO - Setting next_dagrun for Cria_pasta to 2023-08-04T00:00:00+00:00, run_after=2023-08-05T00:00:00+00:00
[2023-08-04 20:05:47,783] {processor.py:161} INFO - Processing /home/daniel/Documents/airflow_dados_tempo/dags/Cria_pasta.py took 0.059 seconds
[2023-08-04 20:06:18,565] {processor.py:153} INFO - Started process (PID=29806) to work on /home/daniel/Documents/airflow_dados_tempo/dags/Cria_pasta.py
[2023-08-04 20:06:18,570] {processor.py:641} INFO - Processing file /home/daniel/Documents/airflow_dados_tempo/dags/Cria_pasta.py for tasks to queue
[2023-08-04 20:06:18,570] {logging_mixin.py:115} INFO - [2023-08-04 20:06:18,570] {dagbag.py:507} INFO - Filling up the DagBag from /home/daniel/Documents/airflow_dados_tempo/dags/Cria_pasta.py
[2023-08-04 20:06:18,576] {processor.py:651} INFO - DAG(s) dict_keys(['Cria_pasta']) retrieved from /home/daniel/Documents/airflow_dados_tempo/dags/Cria_pasta.py
[2023-08-04 20:06:18,587] {logging_mixin.py:115} INFO - [2023-08-04 20:06:18,587] {dag.py:2379} INFO - Sync 1 DAGs
[2023-08-04 20:06:18,602] {logging_mixin.py:115} INFO - [2023-08-04 20:06:18,602] {dag.py:2927} INFO - Setting next_dagrun for Cria_pasta to 2023-08-04T00:00:00+00:00, run_after=2023-08-05T00:00:00+00:00
[2023-08-04 20:06:18,615] {processor.py:161} INFO - Processing /home/daniel/Documents/airflow_dados_tempo/dags/Cria_pasta.py took 0.052 seconds
[2023-08-04 20:06:50,085] {processor.py:153} INFO - Started process (PID=29848) to work on /home/daniel/Documents/airflow_dados_tempo/dags/Cria_pasta.py
[2023-08-04 20:06:50,086] {processor.py:641} INFO - Processing file /home/daniel/Documents/airflow_dados_tempo/dags/Cria_pasta.py for tasks to queue
[2023-08-04 20:06:50,087] {logging_mixin.py:115} INFO - [2023-08-04 20:06:50,087] {dagbag.py:507} INFO - Filling up the DagBag from /home/daniel/Documents/airflow_dados_tempo/dags/Cria_pasta.py
[2023-08-04 20:06:50,092] {processor.py:651} INFO - DAG(s) dict_keys(['Cria_pasta']) retrieved from /home/daniel/Documents/airflow_dados_tempo/dags/Cria_pasta.py
[2023-08-04 20:06:50,104] {logging_mixin.py:115} INFO - [2023-08-04 20:06:50,104] {dag.py:2379} INFO - Sync 1 DAGs
[2023-08-04 20:06:50,118] {logging_mixin.py:115} INFO - [2023-08-04 20:06:50,118] {dag.py:2927} INFO - Setting next_dagrun for Cria_pasta to 2023-08-04T00:00:00+00:00, run_after=2023-08-05T00:00:00+00:00
[2023-08-04 20:06:50,132] {processor.py:161} INFO - Processing /home/daniel/Documents/airflow_dados_tempo/dags/Cria_pasta.py took 0.049 seconds
[2023-08-04 20:07:23,652] {processor.py:153} INFO - Started process (PID=29882) to work on /home/daniel/Documents/airflow_dados_tempo/dags/Cria_pasta.py
[2023-08-04 20:07:23,657] {processor.py:641} INFO - Processing file /home/daniel/Documents/airflow_dados_tempo/dags/Cria_pasta.py for tasks to queue
[2023-08-04 20:07:23,657] {logging_mixin.py:115} INFO - [2023-08-04 20:07:23,657] {dagbag.py:507} INFO - Filling up the DagBag from /home/daniel/Documents/airflow_dados_tempo/dags/Cria_pasta.py
[2023-08-04 20:07:23,663] {processor.py:651} INFO - DAG(s) dict_keys(['Cria_pasta']) retrieved from /home/daniel/Documents/airflow_dados_tempo/dags/Cria_pasta.py
[2023-08-04 20:07:23,675] {logging_mixin.py:115} INFO - [2023-08-04 20:07:23,675] {dag.py:2379} INFO - Sync 1 DAGs
[2023-08-04 20:07:23,692] {logging_mixin.py:115} INFO - [2023-08-04 20:07:23,692] {dag.py:2927} INFO - Setting next_dagrun for Cria_pasta to 2023-08-04T00:00:00+00:00, run_after=2023-08-05T00:00:00+00:00
[2023-08-04 20:07:23,704] {processor.py:161} INFO - Processing /home/daniel/Documents/airflow_dados_tempo/dags/Cria_pasta.py took 0.054 seconds
[2023-08-04 20:07:57,836] {processor.py:153} INFO - Started process (PID=29921) to work on /home/daniel/Documents/airflow_dados_tempo/dags/Cria_pasta.py
[2023-08-04 20:07:57,843] {processor.py:641} INFO - Processing file /home/daniel/Documents/airflow_dados_tempo/dags/Cria_pasta.py for tasks to queue
[2023-08-04 20:07:57,843] {logging_mixin.py:115} INFO - [2023-08-04 20:07:57,843] {dagbag.py:507} INFO - Filling up the DagBag from /home/daniel/Documents/airflow_dados_tempo/dags/Cria_pasta.py
[2023-08-04 20:07:57,848] {processor.py:651} INFO - DAG(s) dict_keys(['Cria_pasta']) retrieved from /home/daniel/Documents/airflow_dados_tempo/dags/Cria_pasta.py
[2023-08-04 20:07:57,861] {logging_mixin.py:115} INFO - [2023-08-04 20:07:57,861] {dag.py:2379} INFO - Sync 1 DAGs
[2023-08-04 20:07:57,877] {logging_mixin.py:115} INFO - [2023-08-04 20:07:57,877] {dag.py:2927} INFO - Setting next_dagrun for Cria_pasta to 2023-08-04T00:00:00+00:00, run_after=2023-08-05T00:00:00+00:00
[2023-08-04 20:07:57,891] {processor.py:161} INFO - Processing /home/daniel/Documents/airflow_dados_tempo/dags/Cria_pasta.py took 0.057 seconds
[2023-08-04 20:08:30,183] {processor.py:153} INFO - Started process (PID=29955) to work on /home/daniel/Documents/airflow_dados_tempo/dags/Cria_pasta.py
[2023-08-04 20:08:30,184] {processor.py:641} INFO - Processing file /home/daniel/Documents/airflow_dados_tempo/dags/Cria_pasta.py for tasks to queue
[2023-08-04 20:08:30,184] {logging_mixin.py:115} INFO - [2023-08-04 20:08:30,184] {dagbag.py:507} INFO - Filling up the DagBag from /home/daniel/Documents/airflow_dados_tempo/dags/Cria_pasta.py
[2023-08-04 20:08:30,190] {processor.py:651} INFO - DAG(s) dict_keys(['Cria_pasta']) retrieved from /home/daniel/Documents/airflow_dados_tempo/dags/Cria_pasta.py
[2023-08-04 20:08:30,202] {logging_mixin.py:115} INFO - [2023-08-04 20:08:30,202] {dag.py:2379} INFO - Sync 1 DAGs
[2023-08-04 20:08:30,218] {logging_mixin.py:115} INFO - [2023-08-04 20:08:30,218] {dag.py:2927} INFO - Setting next_dagrun for Cria_pasta to 2023-08-04T00:00:00+00:00, run_after=2023-08-05T00:00:00+00:00
[2023-08-04 20:08:30,231] {processor.py:161} INFO - Processing /home/daniel/Documents/airflow_dados_tempo/dags/Cria_pasta.py took 0.050 seconds
[2023-08-04 20:09:00,564] {processor.py:153} INFO - Started process (PID=29986) to work on /home/daniel/Documents/airflow_dados_tempo/dags/Cria_pasta.py
[2023-08-04 20:09:00,567] {processor.py:641} INFO - Processing file /home/daniel/Documents/airflow_dados_tempo/dags/Cria_pasta.py for tasks to queue
[2023-08-04 20:09:00,568] {logging_mixin.py:115} INFO - [2023-08-04 20:09:00,568] {dagbag.py:507} INFO - Filling up the DagBag from /home/daniel/Documents/airflow_dados_tempo/dags/Cria_pasta.py
[2023-08-04 20:09:00,573] {processor.py:651} INFO - DAG(s) dict_keys(['Cria_pasta']) retrieved from /home/daniel/Documents/airflow_dados_tempo/dags/Cria_pasta.py
[2023-08-04 20:09:00,585] {logging_mixin.py:115} INFO - [2023-08-04 20:09:00,585] {dag.py:2379} INFO - Sync 1 DAGs
[2023-08-04 20:09:00,602] {logging_mixin.py:115} INFO - [2023-08-04 20:09:00,602] {dag.py:2927} INFO - Setting next_dagrun for Cria_pasta to 2023-08-04T00:00:00+00:00, run_after=2023-08-05T00:00:00+00:00
[2023-08-04 20:09:00,616] {processor.py:161} INFO - Processing /home/daniel/Documents/airflow_dados_tempo/dags/Cria_pasta.py took 0.055 seconds
[2023-08-04 20:09:33,125] {processor.py:153} INFO - Started process (PID=30024) to work on /home/daniel/Documents/airflow_dados_tempo/dags/Cria_pasta.py
[2023-08-04 20:09:33,130] {processor.py:641} INFO - Processing file /home/daniel/Documents/airflow_dados_tempo/dags/Cria_pasta.py for tasks to queue
[2023-08-04 20:09:33,130] {logging_mixin.py:115} INFO - [2023-08-04 20:09:33,130] {dagbag.py:507} INFO - Filling up the DagBag from /home/daniel/Documents/airflow_dados_tempo/dags/Cria_pasta.py
[2023-08-04 20:09:33,135] {processor.py:651} INFO - DAG(s) dict_keys(['Cria_pasta']) retrieved from /home/daniel/Documents/airflow_dados_tempo/dags/Cria_pasta.py
[2023-08-04 20:09:33,148] {logging_mixin.py:115} INFO - [2023-08-04 20:09:33,148] {dag.py:2379} INFO - Sync 1 DAGs
[2023-08-04 20:09:33,165] {logging_mixin.py:115} INFO - [2023-08-04 20:09:33,165] {dag.py:2927} INFO - Setting next_dagrun for Cria_pasta to 2023-08-04T00:00:00+00:00, run_after=2023-08-05T00:00:00+00:00
[2023-08-04 20:09:33,177] {processor.py:161} INFO - Processing /home/daniel/Documents/airflow_dados_tempo/dags/Cria_pasta.py took 0.055 seconds
[2023-08-04 20:10:03,610] {processor.py:153} INFO - Started process (PID=30059) to work on /home/daniel/Documents/airflow_dados_tempo/dags/Cria_pasta.py
[2023-08-04 20:10:03,616] {processor.py:641} INFO - Processing file /home/daniel/Documents/airflow_dados_tempo/dags/Cria_pasta.py for tasks to queue
[2023-08-04 20:10:03,616] {logging_mixin.py:115} INFO - [2023-08-04 20:10:03,616] {dagbag.py:507} INFO - Filling up the DagBag from /home/daniel/Documents/airflow_dados_tempo/dags/Cria_pasta.py
[2023-08-04 20:10:03,626] {processor.py:651} INFO - DAG(s) dict_keys(['Cria_pasta']) retrieved from /home/daniel/Documents/airflow_dados_tempo/dags/Cria_pasta.py
[2023-08-04 20:10:03,638] {logging_mixin.py:115} INFO - [2023-08-04 20:10:03,638] {dag.py:2379} INFO - Sync 1 DAGs
[2023-08-04 20:10:03,654] {logging_mixin.py:115} INFO - [2023-08-04 20:10:03,654] {dag.py:2927} INFO - Setting next_dagrun for Cria_pasta to 2023-08-04T00:00:00+00:00, run_after=2023-08-05T00:00:00+00:00
[2023-08-04 20:10:03,667] {processor.py:161} INFO - Processing /home/daniel/Documents/airflow_dados_tempo/dags/Cria_pasta.py took 0.061 seconds
[2023-08-04 20:10:36,144] {processor.py:153} INFO - Started process (PID=30105) to work on /home/daniel/Documents/airflow_dados_tempo/dags/Cria_pasta.py
[2023-08-04 20:10:36,149] {processor.py:641} INFO - Processing file /home/daniel/Documents/airflow_dados_tempo/dags/Cria_pasta.py for tasks to queue
[2023-08-04 20:10:36,150] {logging_mixin.py:115} INFO - [2023-08-04 20:10:36,150] {dagbag.py:507} INFO - Filling up the DagBag from /home/daniel/Documents/airflow_dados_tempo/dags/Cria_pasta.py
[2023-08-04 20:10:36,159] {processor.py:651} INFO - DAG(s) dict_keys(['Cria_pasta']) retrieved from /home/daniel/Documents/airflow_dados_tempo/dags/Cria_pasta.py
[2023-08-04 20:10:36,172] {logging_mixin.py:115} INFO - [2023-08-04 20:10:36,172] {dag.py:2379} INFO - Sync 1 DAGs
[2023-08-04 20:10:36,188] {logging_mixin.py:115} INFO - [2023-08-04 20:10:36,188] {dag.py:2927} INFO - Setting next_dagrun for Cria_pasta to 2023-08-04T00:00:00+00:00, run_after=2023-08-05T00:00:00+00:00
[2023-08-04 20:10:36,202] {processor.py:161} INFO - Processing /home/daniel/Documents/airflow_dados_tempo/dags/Cria_pasta.py took 0.063 seconds
