[2023-08-04 19:06:27,184] {taskinstance.py:1159} INFO - Dependencies all met for <TaskInstance: example_branch_operator.branching scheduled__2023-08-03T00:00:00+00:00 [queued]>
[2023-08-04 19:06:27,188] {taskinstance.py:1159} INFO - Dependencies all met for <TaskInstance: example_branch_operator.branching scheduled__2023-08-03T00:00:00+00:00 [queued]>
[2023-08-04 19:06:27,188] {taskinstance.py:1356} INFO - 
--------------------------------------------------------------------------------
[2023-08-04 19:06:27,188] {taskinstance.py:1357} INFO - Starting attempt 1 of 1
[2023-08-04 19:06:27,188] {taskinstance.py:1358} INFO - 
--------------------------------------------------------------------------------
[2023-08-04 19:06:27,201] {taskinstance.py:1377} INFO - Executing <Task(BranchPythonOperator): branching> on 2023-08-03 00:00:00+00:00
[2023-08-04 19:06:27,202] {standard_task_runner.py:52} INFO - Started process 18129 to run task
[2023-08-04 19:06:27,205] {standard_task_runner.py:79} INFO - Running: ['airflow', 'tasks', 'run', 'example_branch_operator', 'branching', 'scheduled__2023-08-03T00:00:00+00:00', '--job-id', '4', '--raw', '--subdir', '/home/daniel/Documents/airflow_dados_tempo/venv/lib/python3.9/site-packages/airflow/example_dags/example_branch_operator.py', '--cfg-path', '/tmp/tmpucys49iu', '--error-file', '/tmp/tmplu152ct6']
[2023-08-04 19:06:27,205] {standard_task_runner.py:80} INFO - Job 4: Subtask branching
[2023-08-04 19:06:27,239] {task_command.py:370} INFO - Running <TaskInstance: example_branch_operator.branching scheduled__2023-08-03T00:00:00+00:00 [running]> on host Daniel.
[2023-08-04 19:06:27,278] {taskinstance.py:1569} INFO - Exporting the following env vars:
AIRFLOW_CTX_DAG_OWNER=airflow
AIRFLOW_CTX_DAG_ID=example_branch_operator
AIRFLOW_CTX_TASK_ID=branching
AIRFLOW_CTX_EXECUTION_DATE=2023-08-03T00:00:00+00:00
AIRFLOW_CTX_TRY_NUMBER=1
AIRFLOW_CTX_DAG_RUN_ID=scheduled__2023-08-03T00:00:00+00:00
[2023-08-04 19:06:27,278] {python.py:173} INFO - Done. Returned value was: branch_b
[2023-08-04 19:06:27,279] {skipmixin.py:140} INFO - Following branch branch_b
[2023-08-04 19:06:27,279] {skipmixin.py:175} INFO - Skipping tasks ['branch_d', 'branch_c', 'branch_a']
[2023-08-04 19:06:27,308] {taskinstance.py:1395} INFO - Marking task as SUCCESS. dag_id=example_branch_operator, task_id=branching, execution_date=20230803T000000, start_date=20230804T220627, end_date=20230804T220627
[2023-08-04 19:06:27,337] {local_task_job.py:156} INFO - Task exited with return code 0
[2023-08-04 19:06:27,364] {local_task_job.py:273} INFO - 1 downstream tasks scheduled from follow-on schedule check
