[2023-08-07 07:25:17,759] {taskinstance.py:1159} INFO - Dependencies all met for <TaskInstance: dados_climaticos.cria_pasta scheduled__2023-07-24T00:00:00+00:00 [queued]>
[2023-08-07 07:25:17,766] {taskinstance.py:1159} INFO - Dependencies all met for <TaskInstance: dados_climaticos.cria_pasta scheduled__2023-07-24T00:00:00+00:00 [queued]>
[2023-08-07 07:25:17,767] {taskinstance.py:1356} INFO - 
--------------------------------------------------------------------------------
[2023-08-07 07:25:17,767] {taskinstance.py:1357} INFO - Starting attempt 1 of 1
[2023-08-07 07:25:17,767] {taskinstance.py:1358} INFO - 
--------------------------------------------------------------------------------
[2023-08-07 07:25:17,789] {taskinstance.py:1377} INFO - Executing <Task(BashOperator): cria_pasta> on 2023-07-24 00:00:00+00:00
[2023-08-07 07:25:17,792] {standard_task_runner.py:52} INFO - Started process 7094 to run task
[2023-08-07 07:25:17,795] {standard_task_runner.py:79} INFO - Running: ['airflow', 'tasks', 'run', 'dados_climaticos', 'cria_pasta', 'scheduled__2023-07-24T00:00:00+00:00', '--job-id', '20', '--raw', '--subdir', 'DAGS_FOLDER/dados_climaticos.py', '--cfg-path', '/tmp/tmpeskkclz3', '--error-file', '/tmp/tmp6p8yu9t1']
[2023-08-07 07:25:17,796] {standard_task_runner.py:80} INFO - Job 20: Subtask cria_pasta
[2023-08-07 07:25:17,831] {task_command.py:370} INFO - Running <TaskInstance: dados_climaticos.cria_pasta scheduled__2023-07-24T00:00:00+00:00 [running]> on host Daniel.
[2023-08-07 07:25:17,876] {taskinstance.py:1569} INFO - Exporting the following env vars:
AIRFLOW_CTX_DAG_OWNER=airflow
AIRFLOW_CTX_DAG_ID=dados_climaticos
AIRFLOW_CTX_TASK_ID=cria_pasta
AIRFLOW_CTX_EXECUTION_DATE=2023-07-24T00:00:00+00:00
AIRFLOW_CTX_TRY_NUMBER=1
AIRFLOW_CTX_DAG_RUN_ID=scheduled__2023-07-24T00:00:00+00:00
[2023-08-07 07:25:17,876] {subprocess.py:62} INFO - Tmp dir root location: 
 /tmp
[2023-08-07 07:25:17,877] {subprocess.py:74} INFO - Running command: ['bash', '-c', 'mkdir -p "/home/millenagena/Documents/airflowalura/semana=2023-07-31"']
[2023-08-07 07:25:17,881] {subprocess.py:85} INFO - Output:
[2023-08-07 07:25:17,883] {subprocess.py:92} INFO - mkdir: cannot create directory ‘/home/millenagena’: Permission denied
[2023-08-07 07:25:17,883] {subprocess.py:96} INFO - Command exited with return code 1
[2023-08-07 07:25:17,891] {taskinstance.py:1889} ERROR - Task failed with exception
Traceback (most recent call last):
  File "/home/daniel/Documents/airflow_dados_tempo/venv/lib/python3.9/site-packages/airflow/operators/bash.py", line 194, in execute
    raise AirflowException(
airflow.exceptions.AirflowException: Bash command failed. The command returned a non-zero exit code 1.
[2023-08-07 07:25:17,893] {taskinstance.py:1395} INFO - Marking task as FAILED. dag_id=dados_climaticos, task_id=cria_pasta, execution_date=20230724T000000, start_date=20230807T102517, end_date=20230807T102517
[2023-08-07 07:25:17,904] {standard_task_runner.py:92} ERROR - Failed to execute job 20 for task cria_pasta (Bash command failed. The command returned a non-zero exit code 1.; 7094)
[2023-08-07 07:25:17,929] {local_task_job.py:156} INFO - Task exited with return code 1
[2023-08-07 07:25:17,952] {local_task_job.py:273} INFO - 0 downstream tasks scheduled from follow-on schedule check
[2023-08-07 07:27:24,091] {taskinstance.py:1159} INFO - Dependencies all met for <TaskInstance: dados_climaticos.cria_pasta scheduled__2023-07-24T00:00:00+00:00 [queued]>
[2023-08-07 07:27:24,095] {taskinstance.py:1159} INFO - Dependencies all met for <TaskInstance: dados_climaticos.cria_pasta scheduled__2023-07-24T00:00:00+00:00 [queued]>
[2023-08-07 07:27:24,095] {taskinstance.py:1356} INFO - 
--------------------------------------------------------------------------------
[2023-08-07 07:27:24,095] {taskinstance.py:1357} INFO - Starting attempt 1 of 1
[2023-08-07 07:27:24,095] {taskinstance.py:1358} INFO - 
--------------------------------------------------------------------------------
[2023-08-07 07:27:24,108] {taskinstance.py:1377} INFO - Executing <Task(BashOperator): cria_pasta> on 2023-07-24 00:00:00+00:00
[2023-08-07 07:27:24,110] {standard_task_runner.py:52} INFO - Started process 7286 to run task
[2023-08-07 07:27:24,112] {standard_task_runner.py:79} INFO - Running: ['airflow', 'tasks', 'run', 'dados_climaticos', 'cria_pasta', 'scheduled__2023-07-24T00:00:00+00:00', '--job-id', '20', '--raw', '--subdir', 'DAGS_FOLDER/dados_climaticos.py', '--cfg-path', '/tmp/tmp7unk1g4m', '--error-file', '/tmp/tmpcqiibyvh']
[2023-08-07 07:27:24,113] {standard_task_runner.py:80} INFO - Job 20: Subtask cria_pasta
[2023-08-07 07:27:24,147] {task_command.py:370} INFO - Running <TaskInstance: dados_climaticos.cria_pasta scheduled__2023-07-24T00:00:00+00:00 [running]> on host Daniel.
[2023-08-07 07:27:24,191] {taskinstance.py:1569} INFO - Exporting the following env vars:
AIRFLOW_CTX_DAG_OWNER=airflow
AIRFLOW_CTX_DAG_ID=dados_climaticos
AIRFLOW_CTX_TASK_ID=cria_pasta
AIRFLOW_CTX_EXECUTION_DATE=2023-07-24T00:00:00+00:00
AIRFLOW_CTX_TRY_NUMBER=1
AIRFLOW_CTX_DAG_RUN_ID=scheduled__2023-07-24T00:00:00+00:00
[2023-08-07 07:27:24,192] {subprocess.py:62} INFO - Tmp dir root location: 
 /tmp
[2023-08-07 07:27:24,192] {subprocess.py:74} INFO - Running command: ['bash', '-c', 'mkdir -p "//home/daniel/Documents/airflow_dados_tempo/semana=2023-07-31"']
[2023-08-07 07:27:24,197] {subprocess.py:85} INFO - Output:
[2023-08-07 07:27:24,198] {subprocess.py:96} INFO - Command exited with return code 0
[2023-08-07 07:27:24,215] {taskinstance.py:1395} INFO - Marking task as SUCCESS. dag_id=dados_climaticos, task_id=cria_pasta, execution_date=20230724T000000, start_date=20230807T102724, end_date=20230807T102724
[2023-08-07 07:27:24,245] {local_task_job.py:156} INFO - Task exited with return code 0
[2023-08-07 07:27:24,264] {local_task_job.py:273} INFO - 1 downstream tasks scheduled from follow-on schedule check
[2023-08-07 07:31:15,986] {taskinstance.py:1159} INFO - Dependencies all met for <TaskInstance: dados_climaticos.cria_pasta scheduled__2023-07-24T00:00:00+00:00 [queued]>
[2023-08-07 07:31:15,991] {taskinstance.py:1159} INFO - Dependencies all met for <TaskInstance: dados_climaticos.cria_pasta scheduled__2023-07-24T00:00:00+00:00 [queued]>
[2023-08-07 07:31:15,991] {taskinstance.py:1356} INFO - 
--------------------------------------------------------------------------------
[2023-08-07 07:31:15,991] {taskinstance.py:1357} INFO - Starting attempt 1 of 1
[2023-08-07 07:31:15,991] {taskinstance.py:1358} INFO - 
--------------------------------------------------------------------------------
[2023-08-07 07:31:16,003] {taskinstance.py:1377} INFO - Executing <Task(BashOperator): cria_pasta> on 2023-07-24 00:00:00+00:00
[2023-08-07 07:31:16,005] {standard_task_runner.py:52} INFO - Started process 7713 to run task
[2023-08-07 07:31:16,007] {standard_task_runner.py:79} INFO - Running: ['airflow', 'tasks', 'run', 'dados_climaticos', 'cria_pasta', 'scheduled__2023-07-24T00:00:00+00:00', '--job-id', '20', '--raw', '--subdir', 'DAGS_FOLDER/dados_climaticos.py', '--cfg-path', '/tmp/tmp75cy2uy0', '--error-file', '/tmp/tmp0pjvihjz']
[2023-08-07 07:31:16,008] {standard_task_runner.py:80} INFO - Job 20: Subtask cria_pasta
[2023-08-07 07:31:16,039] {task_command.py:370} INFO - Running <TaskInstance: dados_climaticos.cria_pasta scheduled__2023-07-24T00:00:00+00:00 [running]> on host Daniel.
[2023-08-07 07:31:16,080] {taskinstance.py:1569} INFO - Exporting the following env vars:
AIRFLOW_CTX_DAG_OWNER=airflow
AIRFLOW_CTX_DAG_ID=dados_climaticos
AIRFLOW_CTX_TASK_ID=cria_pasta
AIRFLOW_CTX_EXECUTION_DATE=2023-07-24T00:00:00+00:00
AIRFLOW_CTX_TRY_NUMBER=1
AIRFLOW_CTX_DAG_RUN_ID=scheduled__2023-07-24T00:00:00+00:00
[2023-08-07 07:31:16,081] {subprocess.py:62} INFO - Tmp dir root location: 
 /tmp
[2023-08-07 07:31:16,081] {subprocess.py:74} INFO - Running command: ['bash', '-c', 'mkdir -p "//home/daniel/Documents/airflow_dados_tempo/semana=2023-07-31"']
[2023-08-07 07:31:16,085] {subprocess.py:85} INFO - Output:
[2023-08-07 07:31:16,086] {subprocess.py:96} INFO - Command exited with return code 0
[2023-08-07 07:31:16,103] {taskinstance.py:1395} INFO - Marking task as SUCCESS. dag_id=dados_climaticos, task_id=cria_pasta, execution_date=20230724T000000, start_date=20230807T103115, end_date=20230807T103116
[2023-08-07 07:31:16,140] {local_task_job.py:156} INFO - Task exited with return code 0
[2023-08-07 07:31:16,161] {local_task_job.py:273} INFO - 1 downstream tasks scheduled from follow-on schedule check
[2023-08-07 07:32:47,983] {taskinstance.py:1159} INFO - Dependencies all met for <TaskInstance: dados_climaticos.cria_pasta scheduled__2023-07-24T00:00:00+00:00 [queued]>
[2023-08-07 07:32:47,987] {taskinstance.py:1159} INFO - Dependencies all met for <TaskInstance: dados_climaticos.cria_pasta scheduled__2023-07-24T00:00:00+00:00 [queued]>
[2023-08-07 07:32:47,987] {taskinstance.py:1356} INFO - 
--------------------------------------------------------------------------------
[2023-08-07 07:32:47,987] {taskinstance.py:1357} INFO - Starting attempt 1 of 1
[2023-08-07 07:32:47,987] {taskinstance.py:1358} INFO - 
--------------------------------------------------------------------------------
[2023-08-07 07:32:47,999] {taskinstance.py:1377} INFO - Executing <Task(BashOperator): cria_pasta> on 2023-07-24 00:00:00+00:00
[2023-08-07 07:32:48,001] {standard_task_runner.py:52} INFO - Started process 7881 to run task
[2023-08-07 07:32:48,003] {standard_task_runner.py:79} INFO - Running: ['airflow', 'tasks', 'run', 'dados_climaticos', 'cria_pasta', 'scheduled__2023-07-24T00:00:00+00:00', '--job-id', '20', '--raw', '--subdir', 'DAGS_FOLDER/dados_climaticos.py', '--cfg-path', '/tmp/tmpwkgea9r0', '--error-file', '/tmp/tmpfib4eevg']
[2023-08-07 07:32:48,003] {standard_task_runner.py:80} INFO - Job 20: Subtask cria_pasta
[2023-08-07 07:32:48,033] {task_command.py:370} INFO - Running <TaskInstance: dados_climaticos.cria_pasta scheduled__2023-07-24T00:00:00+00:00 [running]> on host Daniel.
[2023-08-07 07:32:48,070] {taskinstance.py:1569} INFO - Exporting the following env vars:
AIRFLOW_CTX_DAG_OWNER=airflow
AIRFLOW_CTX_DAG_ID=dados_climaticos
AIRFLOW_CTX_TASK_ID=cria_pasta
AIRFLOW_CTX_EXECUTION_DATE=2023-07-24T00:00:00+00:00
AIRFLOW_CTX_TRY_NUMBER=1
AIRFLOW_CTX_DAG_RUN_ID=scheduled__2023-07-24T00:00:00+00:00
[2023-08-07 07:32:48,071] {subprocess.py:62} INFO - Tmp dir root location: 
 /tmp
[2023-08-07 07:32:48,071] {subprocess.py:74} INFO - Running command: ['bash', '-c', 'mkdir -p "//home/daniel/Documents/airflow_dados_tempo/semana=2023-07-31"']
[2023-08-07 07:32:48,075] {subprocess.py:85} INFO - Output:
[2023-08-07 07:32:48,077] {subprocess.py:96} INFO - Command exited with return code 0
[2023-08-07 07:32:48,093] {taskinstance.py:1395} INFO - Marking task as SUCCESS. dag_id=dados_climaticos, task_id=cria_pasta, execution_date=20230724T000000, start_date=20230807T103247, end_date=20230807T103248
[2023-08-07 07:32:48,135] {local_task_job.py:156} INFO - Task exited with return code 0
[2023-08-07 07:32:48,155] {local_task_job.py:273} INFO - 1 downstream tasks scheduled from follow-on schedule check
[2023-08-07 07:33:58,715] {taskinstance.py:1159} INFO - Dependencies all met for <TaskInstance: dados_climaticos.cria_pasta scheduled__2023-07-24T00:00:00+00:00 [queued]>
[2023-08-07 07:33:58,720] {taskinstance.py:1159} INFO - Dependencies all met for <TaskInstance: dados_climaticos.cria_pasta scheduled__2023-07-24T00:00:00+00:00 [queued]>
[2023-08-07 07:33:58,720] {taskinstance.py:1356} INFO - 
--------------------------------------------------------------------------------
[2023-08-07 07:33:58,720] {taskinstance.py:1357} INFO - Starting attempt 1 of 1
[2023-08-07 07:33:58,720] {taskinstance.py:1358} INFO - 
--------------------------------------------------------------------------------
[2023-08-07 07:33:58,731] {taskinstance.py:1377} INFO - Executing <Task(BashOperator): cria_pasta> on 2023-07-24 00:00:00+00:00
[2023-08-07 07:33:58,733] {standard_task_runner.py:52} INFO - Started process 8010 to run task
[2023-08-07 07:33:58,736] {standard_task_runner.py:79} INFO - Running: ['airflow', 'tasks', 'run', 'dados_climaticos', 'cria_pasta', 'scheduled__2023-07-24T00:00:00+00:00', '--job-id', '20', '--raw', '--subdir', 'DAGS_FOLDER/dados_climaticos.py', '--cfg-path', '/tmp/tmpxhimbb01', '--error-file', '/tmp/tmpi_8ix35x']
[2023-08-07 07:33:58,736] {standard_task_runner.py:80} INFO - Job 20: Subtask cria_pasta
[2023-08-07 07:33:58,768] {task_command.py:370} INFO - Running <TaskInstance: dados_climaticos.cria_pasta scheduled__2023-07-24T00:00:00+00:00 [running]> on host Daniel.
[2023-08-07 07:33:58,807] {taskinstance.py:1569} INFO - Exporting the following env vars:
AIRFLOW_CTX_DAG_OWNER=airflow
AIRFLOW_CTX_DAG_ID=dados_climaticos
AIRFLOW_CTX_TASK_ID=cria_pasta
AIRFLOW_CTX_EXECUTION_DATE=2023-07-24T00:00:00+00:00
AIRFLOW_CTX_TRY_NUMBER=1
AIRFLOW_CTX_DAG_RUN_ID=scheduled__2023-07-24T00:00:00+00:00
[2023-08-07 07:33:58,808] {subprocess.py:62} INFO - Tmp dir root location: 
 /tmp
[2023-08-07 07:33:58,808] {subprocess.py:74} INFO - Running command: ['bash', '-c', 'mkdir -p "//home/daniel/Documents/airflow_dados_tempo/semana=2023-07-31"']
[2023-08-07 07:33:58,813] {subprocess.py:85} INFO - Output:
[2023-08-07 07:33:58,814] {subprocess.py:96} INFO - Command exited with return code 0
[2023-08-07 07:33:58,831] {taskinstance.py:1395} INFO - Marking task as SUCCESS. dag_id=dados_climaticos, task_id=cria_pasta, execution_date=20230724T000000, start_date=20230807T103358, end_date=20230807T103358
[2023-08-07 07:33:58,869] {local_task_job.py:156} INFO - Task exited with return code 0
[2023-08-07 07:33:58,888] {local_task_job.py:273} INFO - 1 downstream tasks scheduled from follow-on schedule check
[2023-08-07 07:37:20,813] {taskinstance.py:1159} INFO - Dependencies all met for <TaskInstance: dados_climaticos.cria_pasta scheduled__2023-07-24T00:00:00+00:00 [queued]>
[2023-08-07 07:37:20,819] {taskinstance.py:1159} INFO - Dependencies all met for <TaskInstance: dados_climaticos.cria_pasta scheduled__2023-07-24T00:00:00+00:00 [queued]>
[2023-08-07 07:37:20,819] {taskinstance.py:1356} INFO - 
--------------------------------------------------------------------------------
[2023-08-07 07:37:20,819] {taskinstance.py:1357} INFO - Starting attempt 1 of 1
[2023-08-07 07:37:20,819] {taskinstance.py:1358} INFO - 
--------------------------------------------------------------------------------
[2023-08-07 07:37:20,831] {taskinstance.py:1377} INFO - Executing <Task(BashOperator): cria_pasta> on 2023-07-24 00:00:00+00:00
[2023-08-07 07:37:20,833] {standard_task_runner.py:52} INFO - Started process 8321 to run task
[2023-08-07 07:37:20,835] {standard_task_runner.py:79} INFO - Running: ['airflow', 'tasks', 'run', 'dados_climaticos', 'cria_pasta', 'scheduled__2023-07-24T00:00:00+00:00', '--job-id', '20', '--raw', '--subdir', 'DAGS_FOLDER/dados_climaticos.py', '--cfg-path', '/tmp/tmpyieqfu9i', '--error-file', '/tmp/tmpnvp135kn']
[2023-08-07 07:37:20,836] {standard_task_runner.py:80} INFO - Job 20: Subtask cria_pasta
[2023-08-07 07:37:20,867] {task_command.py:370} INFO - Running <TaskInstance: dados_climaticos.cria_pasta scheduled__2023-07-24T00:00:00+00:00 [running]> on host Daniel.
[2023-08-07 07:37:20,907] {taskinstance.py:1569} INFO - Exporting the following env vars:
AIRFLOW_CTX_DAG_OWNER=airflow
AIRFLOW_CTX_DAG_ID=dados_climaticos
AIRFLOW_CTX_TASK_ID=cria_pasta
AIRFLOW_CTX_EXECUTION_DATE=2023-07-24T00:00:00+00:00
AIRFLOW_CTX_TRY_NUMBER=1
AIRFLOW_CTX_DAG_RUN_ID=scheduled__2023-07-24T00:00:00+00:00
[2023-08-07 07:37:20,907] {subprocess.py:62} INFO - Tmp dir root location: 
 /tmp
[2023-08-07 07:37:20,908] {subprocess.py:74} INFO - Running command: ['bash', '-c', 'mkdir -p "//home/daniel/Documents/airflow_dados_tempo/semana=2023-07-31"']
[2023-08-07 07:37:20,912] {subprocess.py:85} INFO - Output:
[2023-08-07 07:37:20,913] {subprocess.py:96} INFO - Command exited with return code 0
[2023-08-07 07:37:20,930] {taskinstance.py:1395} INFO - Marking task as SUCCESS. dag_id=dados_climaticos, task_id=cria_pasta, execution_date=20230724T000000, start_date=20230807T103720, end_date=20230807T103720
[2023-08-07 07:37:20,968] {local_task_job.py:156} INFO - Task exited with return code 0
[2023-08-07 07:37:20,987] {local_task_job.py:273} INFO - 1 downstream tasks scheduled from follow-on schedule check
